#! /c/Source/iverilog-install/bin/vvp
:ivl_version "12.0 (devel)" "(s20150603-1539-g2693dd32b)";
:ivl_delay_selection "TYPICAL";
:vpi_time_precision - 12;
:vpi_module "C:\iverilog\lib\ivl\system.vpi";
:vpi_module "C:\iverilog\lib\ivl\vhdl_sys.vpi";
:vpi_module "C:\iverilog\lib\ivl\vhdl_textio.vpi";
:vpi_module "C:\iverilog\lib\ivl\v2005_math.vpi";
:vpi_module "C:\iverilog\lib\ivl\va_math.vpi";
S_000001b74e8ca550 .scope module, "alu_m_extension_tb" "alu_m_extension_tb" 2 5;
 .timescale -9 -12;
v000001b74e926dc0_0 .var "alu_control", 4 0;
v000001b74e926be0_0 .var "data1", 31 0;
v000001b74e9268c0_0 .var "data2", 31 0;
v000001b74e926c80_0 .net "result", 31 0, v000001b74e926b40_0;  1 drivers
S_000001b74e8ca6e0 .scope module, "uut" "alu_m_extension" 2 10, 3 2 0, S_000001b74e8ca550;
 .timescale 0 0;
    .port_info 0 /INPUT 32 "data1";
    .port_info 1 /INPUT 32 "data2";
    .port_info 2 /INPUT 5 "alu_control";
    .port_info 3 /OUTPUT 32 "result";
v000001b74e8a34b0_0 .net/s *"_ivl_0", 63 0, L_000001b74e926fa0;  1 drivers
v000001b74e8c7da0_0 .net *"_ivl_10", 63 0, L_000001b74e927360;  1 drivers
L_000001b74e9278d0 .functor BUFT 1, C4<00000000000000000000000000000000>, C4<0>, C4<0>, C4<0>;
v000001b74e8c7e40_0 .net *"_ivl_13", 31 0, L_000001b74e9278d0;  1 drivers
v000001b74e8c7ee0_0 .net *"_ivl_16", 63 0, L_000001b74e927540;  1 drivers
L_000001b74e927918 .functor BUFT 1, C4<00000000000000000000000000000000>, C4<0>, C4<0>, C4<0>;
v000001b74e8c7f80_0 .net *"_ivl_19", 31 0, L_000001b74e927918;  1 drivers
v000001b74e8c8020_0 .net/s *"_ivl_2", 63 0, L_000001b74e927400;  1 drivers
v000001b74e8c80c0_0 .net *"_ivl_20", 63 0, L_000001b74e9275e0;  1 drivers
L_000001b74e927960 .functor BUFT 1, C4<00000000000000000000000000000000>, C4<0>, C4<0>, C4<0>;
v000001b74e8a2ce0_0 .net *"_ivl_23", 31 0, L_000001b74e927960;  1 drivers
v000001b74e8a2d80_0 .net *"_ivl_6", 63 0, L_000001b74e9272c0;  1 drivers
L_000001b74e927888 .functor BUFT 1, C4<00000000000000000000000000000000>, C4<0>, C4<0>, C4<0>;
v000001b74e927220_0 .net *"_ivl_9", 31 0, L_000001b74e927888;  1 drivers
v000001b74e926d20_0 .net "alu_control", 4 0, v000001b74e926dc0_0;  1 drivers
v000001b74e926960_0 .net "data1", 31 0, v000001b74e926be0_0;  1 drivers
v000001b74e927040_0 .net "data2", 31 0, v000001b74e9268c0_0;  1 drivers
v000001b74e926e60_0 .net "mul_signed", 63 0, L_000001b74e927180;  1 drivers
v000001b74e926f00_0 .net "mul_signed_unsigned", 63 0, L_000001b74e9274a0;  1 drivers
v000001b74e9270e0_0 .net "mul_unsigned", 63 0, L_000001b74e927680;  1 drivers
v000001b74e926b40_0 .var "result", 31 0;
E_000001b74e9eb610 .event anyedge, v000001b74e926d20_0, v000001b74e926e60_0, v000001b74e9270e0_0, v000001b74e926f00_0;
L_000001b74e926fa0 .extend/s 64, v000001b74e926be0_0;
L_000001b74e927400 .extend/s 64, v000001b74e9268c0_0;
L_000001b74e927180 .arith/mult 64, L_000001b74e926fa0, L_000001b74e927400;
L_000001b74e9272c0 .concat [ 32 32 0 0], v000001b74e926be0_0, L_000001b74e927888;
L_000001b74e927360 .concat [ 32 32 0 0], v000001b74e9268c0_0, L_000001b74e9278d0;
L_000001b74e9274a0 .arith/mult 64, L_000001b74e9272c0, L_000001b74e927360;
L_000001b74e927540 .concat [ 32 32 0 0], v000001b74e926be0_0, L_000001b74e927918;
L_000001b74e9275e0 .concat [ 32 32 0 0], v000001b74e9268c0_0, L_000001b74e927960;
L_000001b74e927680 .arith/mult 64, L_000001b74e927540, L_000001b74e9275e0;
    .scope S_000001b74e8ca6e0;
T_0 ;
    %wait E_000001b74e9eb610;
    %load/vec4 v000001b74e926d20_0;
    %dup/vec4;
    %pushi/vec4 8, 0, 5;
    %cmp/u;
    %jmp/1 T_0.0, 6;
    %dup/vec4;
    %pushi/vec4 9, 0, 5;
    %cmp/u;
    %jmp/1 T_0.1, 6;
    %dup/vec4;
    %pushi/vec4 10, 0, 5;
    %cmp/u;
    %jmp/1 T_0.2, 6;
    %dup/vec4;
    %pushi/vec4 11, 0, 5;
    %cmp/u;
    %jmp/1 T_0.3, 6;
    %pushi/vec4 0, 0, 32;
    %store/vec4 v000001b74e926b40_0, 0, 32;
    %jmp T_0.5;
T_0.0 ;
    %load/vec4 v000001b74e926e60_0;
    %parti/s 32, 0, 2;
    %store/vec4 v000001b74e926b40_0, 0, 32;
    %jmp T_0.5;
T_0.1 ;
    %load/vec4 v000001b74e926e60_0;
    %parti/s 32, 32, 7;
    %store/vec4 v000001b74e926b40_0, 0, 32;
    %jmp T_0.5;
T_0.2 ;
    %load/vec4 v000001b74e9270e0_0;
    %parti/s 32, 32, 7;
    %store/vec4 v000001b74e926b40_0, 0, 32;
    %jmp T_0.5;
T_0.3 ;
    %load/vec4 v000001b74e926f00_0;
    %parti/s 32, 32, 7;
    %store/vec4 v000001b74e926b40_0, 0, 32;
    %jmp T_0.5;
T_0.5 ;
    %pop/vec4 1;
    %jmp T_0;
    .thread T_0, $push;
    .scope S_000001b74e8ca550;
T_1 ;
    %vpi_call 2 18 "$display", "---- ALU M EXTENSION TEST ----" {0 0 0};
    %pushi/vec4 4294967289, 0, 32;
    %store/vec4 v000001b74e926be0_0, 0, 32;
    %pushi/vec4 3, 0, 32;
    %store/vec4 v000001b74e9268c0_0, 0, 32;
    %pushi/vec4 8, 0, 5;
    %store/vec4 v000001b74e926dc0_0, 0, 5;
    %delay 10000, 0;
    %vpi_call 2 22 "$display", "MUL: %0d * %0d (low) = %0d", v000001b74e926be0_0, v000001b74e9268c0_0, v000001b74e926c80_0 {0 0 0};
    %pushi/vec4 9, 0, 5;
    %store/vec4 v000001b74e926dc0_0, 0, 5;
    %delay 10000, 0;
    %vpi_call 2 26 "$display", "MULH: %0d * %0d (high) = %0d", v000001b74e926be0_0, v000001b74e9268c0_0, v000001b74e926c80_0 {0 0 0};
    %pushi/vec4 4000000000, 0, 32;
    %store/vec4 v000001b74e926be0_0, 0, 32;
    %pushi/vec4 2, 0, 32;
    %store/vec4 v000001b74e9268c0_0, 0, 32;
    %pushi/vec4 10, 0, 5;
    %store/vec4 v000001b74e926dc0_0, 0, 5;
    %delay 10000, 0;
    %vpi_call 2 30 "$display", "MULHU: %0d * %0d (high) = %0d", v000001b74e926be0_0, v000001b74e9268c0_0, v000001b74e926c80_0 {0 0 0};
    %pushi/vec4 4294967287, 0, 32;
    %store/vec4 v000001b74e926be0_0, 0, 32;
    %pushi/vec4 5, 0, 32;
    %store/vec4 v000001b74e9268c0_0, 0, 32;
    %pushi/vec4 11, 0, 5;
    %store/vec4 v000001b74e926dc0_0, 0, 5;
    %delay 10000, 0;
    %vpi_call 2 34 "$display", "MULHSU: %0d * %0d (high) = %0d", v000001b74e926be0_0, v000001b74e9268c0_0, v000001b74e926c80_0 {0 0 0};
    %vpi_call 2 36 "$finish" {0 0 0};
    %end;
    .thread T_1;
# The file index is used to find the file name in the following table.
:file_names 4;
    "N/A";
    "<interactive>";
    ".\alu_m_extension_tb.v";
    ".\alu_m_extension.v";
